{
  "stats": {
    "suites": 11,
    "tests": 10,
    "passes": 8,
    "pending": 0,
    "failures": 2,
    "start": "2026-06-20T06:04:54.770Z",
    "end": "2026-06-20T06:05:02.512Z",
    "duration": 7742,
    "testsRegistered": 10,
    "passPercent": 80,
    "pendingPercent": 0,
    "other": 0,
    "hasOther": false,
    "skipped": 0,
    "hasSkipped": false
  },
  "results": [
    {
      "uuid": "ccdb1b08-f553-4962-b63b-310bd8fffe17",
      "title": "",
      "fullFile": "cypress\\e2e\\2-advanced-examples\\cypress_api.cy.js",
      "file": "cypress\\e2e\\2-advanced-examples\\cypress_api.cy.js",
      "beforeHooks": [],
      "afterHooks": [],
      "tests": [],
      "suites": [
        {
          "uuid": "36c360ba-6053-468a-a986-b206736e0225",
          "title": "Cypress APIs",
          "fullFile": "",
          "file": "",
          "beforeHooks": [],
          "afterHooks": [],
          "tests": [],
          "suites": [
            {
              "uuid": "f408c538-47d7-4ed9-9678-ea295ec16fca",
              "title": "Cypress.Commands",
              "fullFile": "",
              "file": "",
              "beforeHooks": [],
              "afterHooks": [],
              "tests": [
                {
                  "title": ".add() - create a custom command",
                  "fullTitle": "Cypress APIs Cypress.Commands .add() - create a custom command",
                  "timedOut": null,
                  "duration": 1054,
                  "state": "passed",
                  "speed": "fast",
                  "pass": true,
                  "fail": false,
                  "pending": false,
                  "context": null,
                  "code": "Cypress.Commands.add('console', {\n  prevSubject: true\n}, (subject, method) => {\n  // the previous subject is automatically received\n  // and the commands arguments are shifted\n  // allow us to change the console method used\n  method = method || 'log';\n  // log the subject to the console\n  console[method]('The subject is', subject);\n  // whatever we return becomes the new subject\n  // we don't want to change the subject so\n  // we return whatever was passed in\n  return subject;\n});\ncy.get('button').console('info').then($button => {\n  // subject is still $button\n});",
                  "err": {},
                  "uuid": "ed6a97c8-c6c3-4e82-8ccc-de7c5856648a",
                  "parentUUID": "f408c538-47d7-4ed9-9678-ea295ec16fca",
                  "isHook": false,
                  "skipped": false
                }
              ],
              "suites": [],
              "passes": [
                "ed6a97c8-c6c3-4e82-8ccc-de7c5856648a"
              ],
              "failures": [],
              "pending": [],
              "skipped": [],
              "duration": 1054,
              "root": false,
              "rootEmpty": false,
              "_timeout": 2000
            },
            {
              "uuid": "02fb2d61-dc27-4e96-9460-5167a0e7cc5a",
              "title": "Cypress.Cookies",
              "fullFile": "",
              "file": "",
              "beforeHooks": [],
              "afterHooks": [],
              "tests": [
                {
                  "title": ".debug() - enable or disable debugging",
                  "fullTitle": "Cypress APIs Cypress.Cookies .debug() - enable or disable debugging",
                  "timedOut": null,
                  "duration": 299,
                  "state": "passed",
                  "speed": "fast",
                  "pass": true,
                  "fail": false,
                  "pending": false,
                  "context": null,
                  "code": "Cypress.Cookies.debug(true);\n// Cypress will now log in the console when\n// cookies are set or cleared\ncy.setCookie('fakeCookie', '123ABC');\ncy.clearCookie('fakeCookie');\ncy.setCookie('fakeCookie', '123ABC');\ncy.clearCookie('fakeCookie');\ncy.setCookie('fakeCookie', '123ABC');",
                  "err": {},
                  "uuid": "4bf4b01d-e80a-4488-8515-5aa183346fae",
                  "parentUUID": "02fb2d61-dc27-4e96-9460-5167a0e7cc5a",
                  "isHook": false,
                  "skipped": false
                }
              ],
              "suites": [],
              "passes": [
                "4bf4b01d-e80a-4488-8515-5aa183346fae"
              ],
              "failures": [],
              "pending": [],
              "skipped": [],
              "duration": 299,
              "root": false,
              "rootEmpty": false,
              "_timeout": 2000
            },
            {
              "uuid": "d8c3c3de-1708-4280-923c-2d2c4c8921ad",
              "title": "Cypress.arch",
              "fullFile": "",
              "file": "",
              "beforeHooks": [],
              "afterHooks": [],
              "tests": [
                {
                  "title": "Get CPU architecture name of underlying OS",
                  "fullTitle": "Cypress APIs Cypress.arch Get CPU architecture name of underlying OS",
                  "timedOut": null,
                  "duration": 218,
                  "state": "passed",
                  "speed": "fast",
                  "pass": true,
                  "fail": false,
                  "pending": false,
                  "context": null,
                  "code": "// https://on.cypress.io/arch\nexpect(Cypress.arch).to.exist;",
                  "err": {},
                  "uuid": "1c3cf653-ad84-40e2-85a3-b6613b083f56",
                  "parentUUID": "d8c3c3de-1708-4280-923c-2d2c4c8921ad",
                  "isHook": false,
                  "skipped": false
                }
              ],
              "suites": [],
              "passes": [
                "1c3cf653-ad84-40e2-85a3-b6613b083f56"
              ],
              "failures": [],
              "pending": [],
              "skipped": [],
              "duration": 218,
              "root": false,
              "rootEmpty": false,
              "_timeout": 2000
            },
            {
              "uuid": "975d46b3-addd-4fd9-a144-fd59b75667a7",
              "title": "Cypress.config()",
              "fullFile": "",
              "file": "",
              "beforeHooks": [],
              "afterHooks": [],
              "tests": [
                {
                  "title": "Get and set configuration options",
                  "fullTitle": "Cypress APIs Cypress.config() Get and set configuration options",
                  "timedOut": null,
                  "duration": 696,
                  "state": "failed",
                  "speed": null,
                  "pass": false,
                  "fail": true,
                  "pending": false,
                  "context": "\"../screenshots/cypress_api.cy.js/Cypress.config() -- Get and set configuration options (failed).png\"",
                  "code": "// https://on.cypress.io/config\nlet myConfig = Cypress.config();\nexpect(myConfig).to.have.property('animationDistanceThreshold', 5);\nexpect(myConfig).to.have.property('baseUrl', null);\nexpect(myConfig).to.have.property('defaultCommandTimeout', 4000);\nexpect(myConfig).to.have.property('requestTimeout', 5000);\nexpect(myConfig).to.have.property('responseTimeout', 30000);\nexpect(myConfig).to.have.property('viewportHeight', 660);\nexpect(myConfig).to.have.property('viewportWidth', 1000);\nexpect(myConfig).to.have.property('pageLoadTimeout', 60000);\nexpect(myConfig).to.have.property('waitForAnimations', true);\nexpect(Cypress.config('pageLoadTimeout')).to.eq(60000);\n// this will change the config for the rest of your tests!\nCypress.config('pageLoadTimeout', 20000);\nexpect(Cypress.config('pageLoadTimeout')).to.eq(20000);\nCypress.config('pageLoadTimeout', 60000);",
                  "err": {
                    "message": "AssertionError: expected { Object (baseUrl, setupNodeEvents, ...) } to have property 'baseUrl' of null, but got 'https://v0-medconnect-booking-app.vercel.app/'",
                    "estack": "AssertionError: expected { Object (baseUrl, setupNodeEvents, ...) } to have property 'baseUrl' of null, but got 'https://v0-medconnect-booking-app.vercel.app/'\n    at Context.eval (webpack://medconnect-automation-framework/./cypress/e2e/2-advanced-examples/cypress_api.cy.js:76:31)",
                    "diff": null
                  },
                  "uuid": "214c9046-8c58-4c8d-aa4c-a25b9227717f",
                  "parentUUID": "975d46b3-addd-4fd9-a144-fd59b75667a7",
                  "isHook": false,
                  "skipped": false
                }
              ],
              "suites": [],
              "passes": [],
              "failures": [
                "214c9046-8c58-4c8d-aa4c-a25b9227717f"
              ],
              "pending": [],
              "skipped": [],
              "duration": 696,
              "root": false,
              "rootEmpty": false,
              "_timeout": 2000
            },
            {
              "uuid": "716bc360-700f-4796-9486-5e8ce14e1e45",
              "title": "Cypress.dom",
              "fullFile": "",
              "file": "",
              "beforeHooks": [],
              "afterHooks": [],
              "tests": [
                {
                  "title": ".isHidden() - determine if a DOM element is hidden",
                  "fullTitle": "Cypress APIs Cypress.dom .isHidden() - determine if a DOM element is hidden",
                  "timedOut": null,
                  "duration": 281,
                  "state": "passed",
                  "speed": "fast",
                  "pass": true,
                  "fail": false,
                  "pending": false,
                  "context": null,
                  "code": "let hiddenP = Cypress.$('.dom-p p.hidden').get(0);\nlet visibleP = Cypress.$('.dom-p p.visible').get(0);\n// our first paragraph has css class 'hidden'\nexpect(Cypress.dom.isHidden(hiddenP)).to.be.true;\nexpect(Cypress.dom.isHidden(visibleP)).to.be.false;",
                  "err": {},
                  "uuid": "e1977bba-508c-4858-b9c1-e8cb2ca6c667",
                  "parentUUID": "716bc360-700f-4796-9486-5e8ce14e1e45",
                  "isHook": false,
                  "skipped": false
                }
              ],
              "suites": [],
              "passes": [
                "e1977bba-508c-4858-b9c1-e8cb2ca6c667"
              ],
              "failures": [],
              "pending": [],
              "skipped": [],
              "duration": 281,
              "root": false,
              "rootEmpty": false,
              "_timeout": 2000
            },
            {
              "uuid": "973ad39a-1885-4373-8693-6dc312e78fba",
              "title": "Cypress.expose()",
              "fullFile": "",
              "file": "",
              "beforeHooks": [],
              "afterHooks": [],
              "tests": [
                {
                  "title": "Get environment variables",
                  "fullTitle": "Cypress APIs Cypress.expose() Get environment variables",
                  "timedOut": null,
                  "duration": 436,
                  "state": "failed",
                  "speed": null,
                  "pass": false,
                  "fail": true,
                  "pending": false,
                  "context": "\"../screenshots/cypress_api.cy.js/Cypress.expose() -- Get environment variables (failed).png\"",
                  "code": "// https://on.cypress.io/env\n// set multiple environment variables\nCypress.expose({\n  host: 'veronica.dev.local',\n  api_server: 'http://localhost:8888/v1/'\n});\n// get environment variable\nexpect(Cypress.expose('host')).to.eq('veronica.dev.local');\n// set environment variable\nCypress.expose('api_server', 'http://localhost:8888/v2/');\nexpect(Cypress.expose('api_server')).to.eq('http://localhost:8888/v2/');\n// get all environment variable\nexpect(Cypress.expose()).to.have.property('host', 'veronica.dev.local');\nexpect(Cypress.expose()).to.have.property('api_server', 'http://localhost:8888/v2/');",
                  "err": {
                    "message": "TypeError: Cypress.expose is not a function",
                    "estack": "TypeError: Cypress.expose is not a function\n    at Context.eval (webpack://medconnect-automation-framework/./cypress/e2e/2-advanced-examples/cypress_api.cy.js:123:14)",
                    "diff": null
                  },
                  "uuid": "9d7c6945-87f5-4365-a42c-5251b5814ea4",
                  "parentUUID": "973ad39a-1885-4373-8693-6dc312e78fba",
                  "isHook": false,
                  "skipped": false
                }
              ],
              "suites": [],
              "passes": [],
              "failures": [
                "9d7c6945-87f5-4365-a42c-5251b5814ea4"
              ],
              "pending": [],
              "skipped": [],
              "duration": 436,
              "root": false,
              "rootEmpty": false,
              "_timeout": 2000
            },
            {
              "uuid": "0a8974eb-8177-4687-a38d-142f88dfadaa",
              "title": "Cypress.log",
              "fullFile": "",
              "file": "",
              "beforeHooks": [],
              "afterHooks": [],
              "tests": [
                {
                  "title": "Control what is printed to the Command Log",
                  "fullTitle": "Cypress APIs Cypress.log Control what is printed to the Command Log",
                  "timedOut": null,
                  "duration": 281,
                  "state": "passed",
                  "speed": "fast",
                  "pass": true,
                  "fail": false,
                  "pending": false,
                  "context": null,
                  "code": "// https://on.cypress.io/cypress-log",
                  "err": {},
                  "uuid": "b29b3e31-e9f6-4c6f-bb43-62c769997311",
                  "parentUUID": "0a8974eb-8177-4687-a38d-142f88dfadaa",
                  "isHook": false,
                  "skipped": false
                }
              ],
              "suites": [],
              "passes": [
                "b29b3e31-e9f6-4c6f-bb43-62c769997311"
              ],
              "failures": [],
              "pending": [],
              "skipped": [],
              "duration": 281,
              "root": false,
              "rootEmpty": false,
              "_timeout": 2000
            },
            {
              "uuid": "3f251e72-736f-4dfc-a4e4-a0a17d1abfef",
              "title": "Cypress.platform",
              "fullFile": "",
              "file": "",
              "beforeHooks": [],
              "afterHooks": [],
              "tests": [
                {
                  "title": "Get underlying OS name",
                  "fullTitle": "Cypress APIs Cypress.platform Get underlying OS name",
                  "timedOut": null,
                  "duration": 251,
                  "state": "passed",
                  "speed": "fast",
                  "pass": true,
                  "fail": false,
                  "pending": false,
                  "context": null,
                  "code": "// https://on.cypress.io/platform\nexpect(Cypress.platform).to.be.exist;",
                  "err": {},
                  "uuid": "ad0461a4-620e-4fb2-a9a5-38208bfb87e1",
                  "parentUUID": "3f251e72-736f-4dfc-a4e4-a0a17d1abfef",
                  "isHook": false,
                  "skipped": false
                }
              ],
              "suites": [],
              "passes": [
                "ad0461a4-620e-4fb2-a9a5-38208bfb87e1"
              ],
              "failures": [],
              "pending": [],
              "skipped": [],
              "duration": 251,
              "root": false,
              "rootEmpty": false,
              "_timeout": 2000
            },
            {
              "uuid": "00ab7af6-9105-4033-96f8-ba9eb8142ae6",
              "title": "Cypress.version",
              "fullFile": "",
              "file": "",
              "beforeHooks": [],
              "afterHooks": [],
              "tests": [
                {
                  "title": "Get current version of Cypress being run",
                  "fullTitle": "Cypress APIs Cypress.version Get current version of Cypress being run",
                  "timedOut": null,
                  "duration": 288,
                  "state": "passed",
                  "speed": "fast",
                  "pass": true,
                  "fail": false,
                  "pending": false,
                  "context": null,
                  "code": "// https://on.cypress.io/version\nexpect(Cypress.version).to.be.exist;",
                  "err": {},
                  "uuid": "b860293c-a2cb-43b8-a6ff-0dc6b3b95199",
                  "parentUUID": "00ab7af6-9105-4033-96f8-ba9eb8142ae6",
                  "isHook": false,
                  "skipped": false
                }
              ],
              "suites": [],
              "passes": [
                "b860293c-a2cb-43b8-a6ff-0dc6b3b95199"
              ],
              "failures": [],
              "pending": [],
              "skipped": [],
              "duration": 288,
              "root": false,
              "rootEmpty": false,
              "_timeout": 2000
            },
            {
              "uuid": "ec274759-add0-445c-b1bb-8f106a813d6a",
              "title": "Cypress.spec",
              "fullFile": "",
              "file": "",
              "beforeHooks": [],
              "afterHooks": [],
              "tests": [
                {
                  "title": "Get current spec information",
                  "fullTitle": "Cypress APIs Cypress.spec Get current spec information",
                  "timedOut": null,
                  "duration": 239,
                  "state": "passed",
                  "speed": "fast",
                  "pass": true,
                  "fail": false,
                  "pending": false,
                  "context": null,
                  "code": "// https://on.cypress.io/spec\n// wrap the object so we can inspect it easily by clicking in the command log\ncy.wrap(Cypress.spec).should('include.keys', ['name', 'relative', 'absolute']);",
                  "err": {},
                  "uuid": "79f48488-eace-40ac-a62e-b18cb48c4770",
                  "parentUUID": "ec274759-add0-445c-b1bb-8f106a813d6a",
                  "isHook": false,
                  "skipped": false
                }
              ],
              "suites": [],
              "passes": [
                "79f48488-eace-40ac-a62e-b18cb48c4770"
              ],
              "failures": [],
              "pending": [],
              "skipped": [],
              "duration": 239,
              "root": false,
              "rootEmpty": false,
              "_timeout": 2000
            }
          ],
          "passes": [],
          "failures": [],
          "pending": [],
          "skipped": [],
          "duration": 0,
          "root": false,
          "rootEmpty": false,
          "_timeout": 2000
        }
      ],
      "passes": [],
      "failures": [],
      "pending": [],
      "skipped": [],
      "duration": 0,
      "root": true,
      "rootEmpty": true,
      "_timeout": 2000
    }
  ],
  "meta": {
    "mocha": {
      "version": "7.0.1"
    },
    "mochawesome": {
      "options": {
        "quiet": false,
        "reportFilename": "mochawesome",
        "saveHtml": false,
        "saveJson": true,
        "consoleReporter": "spec",
        "useInlineDiffs": false,
        "code": true
      },
      "version": "7.1.4"
    },
    "marge": {
      "options": {
        "reportDir": "cypress/reports/mocha",
        "overwrite": false,
        "html": false,
        "json": true
      },
      "version": "6.3.2"
    }
  }
}