{
  "stats": {
    "suites": 1,
    "tests": 7,
    "passes": 7,
    "pending": 0,
    "failures": 0,
    "start": "2026-06-20T06:04:44.223Z",
    "end": "2026-06-20T06:04:50.849Z",
    "duration": 6626,
    "testsRegistered": 7,
    "passPercent": 100,
    "pendingPercent": 0,
    "other": 0,
    "hasOther": false,
    "skipped": 0,
    "hasSkipped": false
  },
  "results": [
    {
      "uuid": "68a09ad1-e31e-47eb-8443-9108ed95c5df",
      "title": "",
      "fullFile": "cypress\\e2e\\2-advanced-examples\\cookies.cy.js",
      "file": "cypress\\e2e\\2-advanced-examples\\cookies.cy.js",
      "beforeHooks": [],
      "afterHooks": [],
      "tests": [],
      "suites": [
        {
          "uuid": "fa0c513e-5ca3-4f37-a1e4-9d6cfe5bb0b0",
          "title": "Cookies",
          "fullFile": "",
          "file": "",
          "beforeHooks": [],
          "afterHooks": [],
          "tests": [
            {
              "title": "cy.getCookie() - get a browser cookie",
              "fullTitle": "Cookies cy.getCookie() - get a browser cookie",
              "timedOut": null,
              "duration": 977,
              "state": "passed",
              "speed": "fast",
              "pass": true,
              "fail": false,
              "pending": false,
              "context": null,
              "code": "// https://on.cypress.io/getcookie\ncy.get('#getCookie .set-a-cookie').click();\n// cy.getCookie() yields a cookie object\ncy.getCookie('token').should('have.property', 'value', '123ABC');",
              "err": {},
              "uuid": "375308b3-3081-430a-89ce-652e83f9189d",
              "parentUUID": "fa0c513e-5ca3-4f37-a1e4-9d6cfe5bb0b0",
              "isHook": false,
              "skipped": false
            },
            {
              "title": "cy.getCookies() - get browser cookies for the current domain",
              "fullTitle": "Cookies cy.getCookies() - get browser cookies for the current domain",
              "timedOut": null,
              "duration": 401,
              "state": "passed",
              "speed": "fast",
              "pass": true,
              "fail": false,
              "pending": false,
              "context": null,
              "code": "// https://on.cypress.io/getcookies\ncy.getCookies().should('be.empty');\ncy.get('#getCookies .set-a-cookie').click();\n// cy.getCookies() yields an array of cookies\ncy.getCookies().should('have.length', 1).should(cookies => {\n  // each cookie has these properties\n  expect(cookies[0]).to.have.property('name', 'token');\n  expect(cookies[0]).to.have.property('value', '123ABC');\n  expect(cookies[0]).to.have.property('httpOnly', false);\n  expect(cookies[0]).to.have.property('secure', false);\n  expect(cookies[0]).to.have.property('domain');\n  expect(cookies[0]).to.have.property('path');\n});",
              "err": {},
              "uuid": "65de3608-a0f9-4373-be2e-dbbe7c7d4639",
              "parentUUID": "fa0c513e-5ca3-4f37-a1e4-9d6cfe5bb0b0",
              "isHook": false,
              "skipped": false
            },
            {
              "title": "cy.getAllCookies() - get all browser cookies",
              "fullTitle": "Cookies cy.getAllCookies() - get all browser cookies",
              "timedOut": null,
              "duration": 461,
              "state": "passed",
              "speed": "fast",
              "pass": true,
              "fail": false,
              "pending": false,
              "context": null,
              "code": "// https://on.cypress.io/getallcookies\ncy.getAllCookies().should('be.empty');\ncy.setCookie('key', 'value');\ncy.setCookie('key', 'value', {\n  domain: '.example.com'\n});\n// cy.getAllCookies() yields an array of cookies (order is not guaranteed)\ncy.getAllCookies().should('have.length', 2).should(cookies => {\n  const hostCookie = cookies.find(cookie => cookie.domain !== '.example.com');\n  const exampleCookie = cookies.find(cookie => cookie.domain === '.example.com');\n  // each cookie has these properties\n  expect(hostCookie).to.exist;\n  expect(hostCookie).to.have.property('name', 'key');\n  expect(hostCookie).to.have.property('value', 'value');\n  expect(hostCookie).to.have.property('httpOnly', false);\n  expect(hostCookie).to.have.property('secure', false);\n  expect(hostCookie).to.have.property('domain');\n  expect(hostCookie).to.have.property('path');\n  expect(exampleCookie).to.exist;\n  expect(exampleCookie).to.have.property('name', 'key');\n  expect(exampleCookie).to.have.property('value', 'value');\n  expect(exampleCookie).to.have.property('httpOnly', false);\n  expect(exampleCookie).to.have.property('secure', false);\n  expect(exampleCookie).to.have.property('domain', '.example.com');\n  expect(exampleCookie).to.have.property('path');\n});",
              "err": {},
              "uuid": "8255fb55-5a10-4be0-811d-08050ad9a4e1",
              "parentUUID": "fa0c513e-5ca3-4f37-a1e4-9d6cfe5bb0b0",
              "isHook": false,
              "skipped": false
            },
            {
              "title": "cy.setCookie() - set a browser cookie",
              "fullTitle": "Cookies cy.setCookie() - set a browser cookie",
              "timedOut": null,
              "duration": 381,
              "state": "passed",
              "speed": "fast",
              "pass": true,
              "fail": false,
              "pending": false,
              "context": null,
              "code": "// https://on.cypress.io/setcookie\ncy.getCookies().should('be.empty');\ncy.setCookie('foo', 'bar');\n// cy.getCookie() yields a cookie object\ncy.getCookie('foo').should('have.property', 'value', 'bar');",
              "err": {},
              "uuid": "dae23d1d-0433-4ed8-ab2f-3ea0e6043d33",
              "parentUUID": "fa0c513e-5ca3-4f37-a1e4-9d6cfe5bb0b0",
              "isHook": false,
              "skipped": false
            },
            {
              "title": "cy.clearCookie() - clear a browser cookie",
              "fullTitle": "Cookies cy.clearCookie() - clear a browser cookie",
              "timedOut": null,
              "duration": 451,
              "state": "passed",
              "speed": "fast",
              "pass": true,
              "fail": false,
              "pending": false,
              "context": null,
              "code": "// https://on.cypress.io/clearcookie\ncy.getCookie('token').should('be.null');\ncy.get('#clearCookie .set-a-cookie').click();\ncy.getCookie('token').should('have.property', 'value', '123ABC');\n// cy.clearCookies() yields null\ncy.clearCookie('token');\ncy.getCookie('token').should('be.null');",
              "err": {},
              "uuid": "fdfda88d-1f0a-479b-bb09-63406b6fc91b",
              "parentUUID": "fa0c513e-5ca3-4f37-a1e4-9d6cfe5bb0b0",
              "isHook": false,
              "skipped": false
            },
            {
              "title": "cy.clearCookies() - clear browser cookies for the current domain",
              "fullTitle": "Cookies cy.clearCookies() - clear browser cookies for the current domain",
              "timedOut": null,
              "duration": 408,
              "state": "passed",
              "speed": "fast",
              "pass": true,
              "fail": false,
              "pending": false,
              "context": null,
              "code": "// https://on.cypress.io/clearcookies\ncy.getCookies().should('be.empty');\ncy.get('#clearCookies .set-a-cookie').click();\ncy.getCookies().should('have.length', 1);\n// cy.clearCookies() yields null\ncy.clearCookies();\ncy.getCookies().should('be.empty');",
              "err": {},
              "uuid": "0a879c6b-a4de-435e-9483-69840299d628",
              "parentUUID": "fa0c513e-5ca3-4f37-a1e4-9d6cfe5bb0b0",
              "isHook": false,
              "skipped": false
            },
            {
              "title": "cy.clearAllCookies() - clear all browser cookies",
              "fullTitle": "Cookies cy.clearAllCookies() - clear all browser cookies",
              "timedOut": null,
              "duration": 343,
              "state": "passed",
              "speed": "fast",
              "pass": true,
              "fail": false,
              "pending": false,
              "context": null,
              "code": "// https://on.cypress.io/clearallcookies\ncy.getAllCookies().should('be.empty');\ncy.setCookie('key', 'value');\ncy.setCookie('key', 'value', {\n  domain: '.example.com'\n});\ncy.getAllCookies().should('have.length', 2);\n// cy.clearAllCookies() yields null\ncy.clearAllCookies();\ncy.getAllCookies().should('be.empty');",
              "err": {},
              "uuid": "8ac57794-14bb-411e-8399-a828634bae05",
              "parentUUID": "fa0c513e-5ca3-4f37-a1e4-9d6cfe5bb0b0",
              "isHook": false,
              "skipped": false
            }
          ],
          "suites": [],
          "passes": [
            "375308b3-3081-430a-89ce-652e83f9189d",
            "65de3608-a0f9-4373-be2e-dbbe7c7d4639",
            "8255fb55-5a10-4be0-811d-08050ad9a4e1",
            "dae23d1d-0433-4ed8-ab2f-3ea0e6043d33",
            "fdfda88d-1f0a-479b-bb09-63406b6fc91b",
            "0a879c6b-a4de-435e-9483-69840299d628",
            "8ac57794-14bb-411e-8399-a828634bae05"
          ],
          "failures": [],
          "pending": [],
          "skipped": [],
          "duration": 3422,
          "root": false,
          "rootEmpty": false,
          "_timeout": 2000
        }
      ],
      "passes": [],
      "failures": [],
      "pending": [],
      "skipped": [],
      "duration": 0,
      "root": true,
      "rootEmpty": true,
      "_timeout": 2000
    }
  ],
  "meta": {
    "mocha": {
      "version": "7.0.1"
    },
    "mochawesome": {
      "options": {
        "quiet": false,
        "reportFilename": "mochawesome",
        "saveHtml": false,
        "saveJson": true,
        "consoleReporter": "spec",
        "useInlineDiffs": false,
        "code": true
      },
      "version": "7.1.4"
    },
    "marge": {
      "options": {
        "reportDir": "cypress/reports/mocha",
        "overwrite": false,
        "html": false,
        "json": true
      },
      "version": "6.3.2"
    }
  }
}