{
  "stats": {
    "suites": 1,
    "tests": 1,
    "passes": 0,
    "pending": 0,
    "failures": 1,
    "start": "2026-06-20T06:11:14.796Z",
    "end": "2026-06-20T06:11:44.875Z",
    "duration": 30079,
    "testsRegistered": 3,
    "passPercent": 0,
    "pendingPercent": 0,
    "other": 0,
    "hasOther": false,
    "skipped": 2,
    "hasSkipped": true
  },
  "results": [
    {
      "uuid": "f346e876-3b6b-434c-8539-a3d7cfda659e",
      "title": "",
      "fullFile": "cypress\\e2e\\2-advanced-examples\\location.cy.js",
      "file": "cypress\\e2e\\2-advanced-examples\\location.cy.js",
      "beforeHooks": [],
      "afterHooks": [],
      "tests": [],
      "suites": [
        {
          "uuid": "b845d8f6-db48-4797-ba74-541e976fa75f",
          "title": "Location",
          "fullFile": "",
          "file": "",
          "beforeHooks": [],
          "afterHooks": [],
          "tests": [
            {
              "title": "cy.hash() - get the current URL hash",
              "fullTitle": "Location cy.hash() - get the current URL hash",
              "timedOut": null,
              "duration": 29943,
              "state": "failed",
              "speed": null,
              "pass": false,
              "fail": true,
              "pending": false,
              "context": "\"../screenshots/location.cy.js/Location -- cy.hash() - get the current URL hash (failed).png\"",
              "code": "// https://on.cypress.io/hash\ncy.hash().should('be.empty');",
              "err": {
                "message": "CypressError: `cy.visit()` failed trying to load:\n\nhttps://example.cypress.io/commands/location\n\nWe attempted to make an http request to this URL but the request failed without a response.\n\nWe received this error at the network level:\n\n  > Error: connect ETIMEDOUT 104.20.35.55:443\n\nCommon situations why this would fail:\n  - you don't have internet access\n  - you forgot to run / boot your web server\n  - your web server isn't accessible\n  - you have weird network configuration settings on your computer\n\nBecause this error occurred during a `before each` hook we are skipping the remaining tests in the current suite: `Location`",
                "estack": "CypressError: `cy.visit()` failed trying to load:\n\nhttps://example.cypress.io/commands/location\n\nWe attempted to make an http request to this URL but the request failed without a response.\n\nWe received this error at the network level:\n\n  > Error: connect ETIMEDOUT 104.20.35.55:443\n\nCommon situations why this would fail:\n  - you don't have internet access\n  - you forgot to run / boot your web server\n  - your web server isn't accessible\n  - you have weird network configuration settings on your computer\n\nBecause this error occurred during a `before each` hook we are skipping the remaining tests in the current suite: `Location`\n    at <unknown> (https://v0-medconnect-booking-app.vercel.app/__cypress/runner/cypress_runner.js:131607:74)\n    at visitFailedByErr (https://v0-medconnect-booking-app.vercel.app/__cypress/runner/cypress_runner.js:131006:12)\n    at <unknown> (https://v0-medconnect-booking-app.vercel.app/__cypress/runner/cypress_runner.js:131606:11)\n    at tryCatcher (https://v0-medconnect-booking-app.vercel.app/__cypress/runner/cypress_runner.js:1830:23)\n    at Promise._settlePromiseFromHandler (https://v0-medconnect-booking-app.vercel.app/__cypress/runner/cypress_runner.js:1542:31)\n    at Promise._settlePromise (https://v0-medconnect-booking-app.vercel.app/__cypress/runner/cypress_runner.js:1599:18)\n    at Promise._settlePromise0 (https://v0-medconnect-booking-app.vercel.app/__cypress/runner/cypress_runner.js:1644:10)\n    at Promise._settlePromises (https://v0-medconnect-booking-app.vercel.app/__cypress/runner/cypress_runner.js:1720:18)\n    at _drainQueueStep (https://v0-medconnect-booking-app.vercel.app/__cypress/runner/cypress_runner.js:2430:12)\n    at _drainQueue (https://v0-medconnect-booking-app.vercel.app/__cypress/runner/cypress_runner.js:2423:9)\n    at Async._drainQueues (https://v0-medconnect-booking-app.vercel.app/__cypress/runner/cypress_runner.js:2439:5)\n    at Async.drainQueues (https://v0-medconnect-booking-app.vercel.app/__cypress/runner/cypress_runner.js:2309:14)\nFrom Your Spec Code:\n    at Context.eval (webpack://medconnect-automation-framework/./cypress/e2e/2-advanced-examples/location.cy.js:5:7)\n\nFrom Node.js Internals:\n  Error: connect ETIMEDOUT 104.20.35.55:443\n      at TCPConnectWrap.afterConnect [as oncomplete] (node:net:1495:16)",
                "diff": null
              },
              "uuid": "802ec83f-2fc7-48da-a1ba-dbffa9bedbc6",
              "parentUUID": "b845d8f6-db48-4797-ba74-541e976fa75f",
              "isHook": false,
              "skipped": false
            },
            {
              "title": "cy.location() - get window.location",
              "fullTitle": "Location cy.location() - get window.location",
              "timedOut": null,
              "duration": 0,
              "state": "skipped",
              "speed": null,
              "pass": false,
              "fail": false,
              "pending": false,
              "context": null,
              "code": "// https://on.cypress.io/location\ncy.location().should(location => {\n  expect(location.hash).to.be.empty;\n  expect(location.href).to.eq('https://example.cypress.io/commands/location');\n  expect(location.host).to.eq('example.cypress.io');\n  expect(location.hostname).to.eq('example.cypress.io');\n  expect(location.origin).to.eq('https://example.cypress.io');\n  expect(location.pathname).to.eq('/commands/location');\n  expect(location.port).to.eq('');\n  expect(location.protocol).to.eq('https:');\n  expect(location.search).to.be.empty;\n});",
              "err": {},
              "uuid": "13bb9099-87a3-4b02-8135-103c22b1d70e",
              "parentUUID": "b845d8f6-db48-4797-ba74-541e976fa75f",
              "isHook": false,
              "skipped": true
            },
            {
              "title": "cy.url() - get the current URL",
              "fullTitle": "Location cy.url() - get the current URL",
              "timedOut": null,
              "duration": 0,
              "state": "skipped",
              "speed": null,
              "pass": false,
              "fail": false,
              "pending": false,
              "context": null,
              "code": "// https://on.cypress.io/url\ncy.url().should('eq', 'https://example.cypress.io/commands/location');",
              "err": {},
              "uuid": "1ce4ee7d-7693-4c22-95a3-d4612dec56f2",
              "parentUUID": "b845d8f6-db48-4797-ba74-541e976fa75f",
              "isHook": false,
              "skipped": true
            }
          ],
          "suites": [],
          "passes": [],
          "failures": [
            "802ec83f-2fc7-48da-a1ba-dbffa9bedbc6"
          ],
          "pending": [],
          "skipped": [
            "13bb9099-87a3-4b02-8135-103c22b1d70e",
            "1ce4ee7d-7693-4c22-95a3-d4612dec56f2"
          ],
          "duration": 29943,
          "root": false,
          "rootEmpty": false,
          "_timeout": 2000
        }
      ],
      "passes": [],
      "failures": [],
      "pending": [],
      "skipped": [],
      "duration": 0,
      "root": true,
      "rootEmpty": true,
      "_timeout": 2000
    }
  ],
  "meta": {
    "mocha": {
      "version": "7.0.1"
    },
    "mochawesome": {
      "options": {
        "quiet": false,
        "reportFilename": "mochawesome",
        "saveHtml": false,
        "saveJson": true,
        "consoleReporter": "spec",
        "useInlineDiffs": false,
        "code": true
      },
      "version": "7.1.4"
    },
    "marge": {
      "options": {
        "reportDir": "cypress/reports/mocha",
        "overwrite": false,
        "html": false,
        "json": true
      },
      "version": "6.3.2"
    }
  }
}