{
  "stats": {
    "suites": 1,
    "tests": 2,
    "passes": 2,
    "pending": 0,
    "failures": 0,
    "start": "2026-06-20T06:15:44.607Z",
    "end": "2026-06-20T06:15:49.372Z",
    "duration": 4765,
    "testsRegistered": 2,
    "passPercent": 100,
    "pendingPercent": 0,
    "other": 0,
    "hasOther": false,
    "skipped": 0,
    "hasSkipped": false
  },
  "results": [
    {
      "uuid": "b314d5dc-bc58-4195-b302-8f897b0cc281",
      "title": "",
      "fullFile": "cypress\\e2e\\login.cy.js",
      "file": "cypress\\e2e\\login.cy.js",
      "beforeHooks": [],
      "afterHooks": [],
      "tests": [],
      "suites": [
        {
          "uuid": "762ba387-95f8-4b19-ae9d-ab76d18406f1",
          "title": "US-01 & US-02: Portal de Autenticación - MedConnect (POM Architecture)",
          "fullFile": "",
          "file": "",
          "beforeHooks": [],
          "afterHooks": [],
          "tests": [
            {
              "title": "EDP-2: Debería iniciar sesión exitosamente con credenciales administrativas",
              "fullTitle": "US-01 & US-02: Portal de Autenticación - MedConnect (POM Architecture) EDP-2: Debería iniciar sesión exitosamente con credenciales administrativas",
              "timedOut": null,
              "duration": 2607,
              "state": "passed",
              "speed": "fast",
              "pass": true,
              "fail": false,
              "pending": false,
              "context": null,
              "code": "// Ejecución del Camino Feliz (Happy Path) del Flujo E2E 01\n_LoginPage.default.login('admin@medconnect.com', 'Admin123');\n//Se valida el despliegue del Dashboard confirmando la presencia del botón core\ncy.contains('button', 'Nueva Cita').should('be.visible');",
              "err": {},
              "uuid": "28be98b9-101d-48a8-a14a-78fc9e4b4556",
              "parentUUID": "762ba387-95f8-4b19-ae9d-ab76d18406f1",
              "isHook": false,
              "skipped": false
            },
            {
              "title": "EDP-3: Debería desplegar alerta restrictiva ante credenciales inválidas",
              "fullTitle": "US-01 & US-02: Portal de Autenticación - MedConnect (POM Architecture) EDP-3: Debería desplegar alerta restrictiva ante credenciales inválidas",
              "timedOut": null,
              "duration": 2037,
              "state": "passed",
              "speed": "fast",
              "pass": true,
              "fail": false,
              "pending": false,
              "context": null,
              "code": "// Ejecución del Camino Infeliz (Negative Path)\n_LoginPage.default.login('fake@medconnect.com', 'WrongPassword123');\n// Se Comprueba el manejo de errores visuales en la UX de MedConnect\ncy.get('.bg-destructive, .text-destructive, [role=\"alert\"]').should('be.visible');",
              "err": {},
              "uuid": "5d489dd7-d37a-4378-ad8e-21f6f62344eb",
              "parentUUID": "762ba387-95f8-4b19-ae9d-ab76d18406f1",
              "isHook": false,
              "skipped": false
            }
          ],
          "suites": [],
          "passes": [
            "28be98b9-101d-48a8-a14a-78fc9e4b4556",
            "5d489dd7-d37a-4378-ad8e-21f6f62344eb"
          ],
          "failures": [],
          "pending": [],
          "skipped": [],
          "duration": 4644,
          "root": false,
          "rootEmpty": false,
          "_timeout": 2000
        }
      ],
      "passes": [],
      "failures": [],
      "pending": [],
      "skipped": [],
      "duration": 0,
      "root": true,
      "rootEmpty": true,
      "_timeout": 2000
    }
  ],
  "meta": {
    "mocha": {
      "version": "7.0.1"
    },
    "mochawesome": {
      "options": {
        "quiet": false,
        "reportFilename": "mochawesome",
        "saveHtml": false,
        "saveJson": true,
        "consoleReporter": "spec",
        "useInlineDiffs": false,
        "code": true
      },
      "version": "7.1.4"
    },
    "marge": {
      "options": {
        "reportDir": "cypress/reports/mocha",
        "overwrite": false,
        "html": false,
        "json": true
      },
      "version": "6.3.2"
    }
  }
}